c:\users\kerber\documents\visual studio 2017\projects\kxvirtualfilesystem\kxvirtualfilesystem\junk\debug x86\vc141.pdb
c:\users\kerber\documents\visual studio 2017\projects\kxvirtualfilesystem\kxvirtualfilesystem\junk\debug x86\vc141.idb
c:\users\kerber\documents\visual studio 2017\projects\kxvirtualfilesystem\kxvirtualfilesystem\junk\debug x86\kxvfsmirror.obj
c:\users\kerber\documents\visual studio 2017\projects\kxvirtualfilesystem\kxvirtualfilesystem\junk\debug x86\kxvirtualfilesystemmain.obj
c:\users\kerber\documents\visual studio 2017\projects\kxvirtualfilesystem\kxvirtualfilesystem\junk\debug x86\kxvfsservice.obj
c:\users\kerber\documents\visual studio 2017\projects\kxvirtualfilesystem\kxvirtualfilesystem\junk\debug x86\kxvfsconvergence.obj
c:\users\kerber\documents\visual studio 2017\projects\kxvirtualfilesystem\kxvirtualfilesystem\junk\debug x86\kxvirtualfilesystem.pch
c:\users\kerber\documents\visual studio 2017\projects\kxvirtualfilesystem\kxvirtualfilesystem\junk\debug x86\kxvirtualfilesystem.obj
c:\users\kerber\documents\visual studio 2017\projects\kxvirtualfilesystem\kxvirtualfilesystem\junk\debug x86\kxvfsutility.obj
c:\users\kerber\documents\visual studio 2017\projects\kxvirtualfilesystem\kxvirtualfilesystem\junk\debug x86\kxvfsfilehandle.obj
c:\users\kerber\documents\visual studio 2017\projects\kxvirtualfilesystem\kxvirtualfilesystem\junk\debug x86\kxfilefinder.obj
c:\users\kerber\documents\visual studio 2017\projects\kxvirtualfilesystem\kxvirtualfilesystem\junk\debug x86\kxdynamicstring.obj
c:\users\kerber\documents\visual studio 2017\projects\kxvirtualfilesystem\kxvirtualfilesystem\junk\debug x86\kxvfsbase.obj
c:\users\kerber\documents\visual studio 2017\projects\kxvirtualfilesystem\kxvirtualfilesystem\junk\debug x86\kxvfsmultimirror.obj
c:\users\kerber\documents\visual studio 2017\projects\kxvirtualfilesystem\kxvirtualfilesystem\bin\debug\kxvirtualfilesystem.lib
c:\users\kerber\documents\visual studio 2017\projects\kxvirtualfilesystem\kxvirtualfilesystem\bin\debug\kxvirtualfilesystem.exp
c:\users\kerber\documents\visual studio 2017\projects\kxvirtualfilesystem\kxvirtualfilesystem\bin\debug\kxvirtualfilesystem.exe
c:\users\kerber\documents\visual studio 2017\projects\kxvirtualfilesystem\kxvirtualfilesystem\bin\debug\kxvirtualfilesystem.pdb
c:\users\kerber\documents\visual studio 2017\projects\kxvirtualfilesystem\kxvirtualfilesystem\junk\debug x86\kxvirtualfilesystem.res
c:\users\kerber\documents\visual studio 2017\projects\kxvirtualfilesystem\kxvirtualfilesystem\junk\debug x86\kxvirtua.f79583b3.tlog\cl.command.1.tlog
c:\users\kerber\documents\visual studio 2017\projects\kxvirtualfilesystem\kxvirtualfilesystem\junk\debug x86\kxvirtua.f79583b3.tlog\cl.read.1.tlog
c:\users\kerber\documents\visual studio 2017\projects\kxvirtualfilesystem\kxvirtualfilesystem\junk\debug x86\kxvirtua.f79583b3.tlog\cl.write.1.tlog
c:\users\kerber\documents\visual studio 2017\projects\kxvirtualfilesystem\kxvirtualfilesystem\junk\debug x86\kxvirtua.f79583b3.tlog\kxvirtualfilesystem.write.1u.tlog
c:\users\kerber\documents\visual studio 2017\projects\kxvirtualfilesystem\kxvirtualfilesystem\junk\debug x86\kxvirtua.f79583b3.tlog\link.command.1.tlog
c:\users\kerber\documents\visual studio 2017\projects\kxvirtualfilesystem\kxvirtualfilesystem\junk\debug x86\kxvirtua.f79583b3.tlog\link.delete.1.tlog
c:\users\kerber\documents\visual studio 2017\projects\kxvirtualfilesystem\kxvirtualfilesystem\junk\debug x86\kxvirtua.f79583b3.tlog\link.read.1.tlog
c:\users\kerber\documents\visual studio 2017\projects\kxvirtualfilesystem\kxvirtualfilesystem\junk\debug x86\kxvirtua.f79583b3.tlog\link.write.1.tlog
c:\users\kerber\documents\visual studio 2017\projects\kxvirtualfilesystem\kxvirtualfilesystem\junk\debug x86\kxvirtua.f79583b3.tlog\rc.command.1.tlog
c:\users\kerber\documents\visual studio 2017\projects\kxvirtualfilesystem\kxvirtualfilesystem\junk\debug x86\kxvirtua.f79583b3.tlog\rc.read.1.tlog
c:\users\kerber\documents\visual studio 2017\projects\kxvirtualfilesystem\kxvirtualfilesystem\junk\debug x86\kxvirtua.f79583b3.tlog\rc.write.1.tlog
